<?xml version="1.0" encoding="UTF-8"?>
<testsuite name="com.udea.worldbank.exception.WorldBankApiExceptionTest" tests="2" skipped="0" failures="0" errors="0" timestamp="2026-08-19T22:51:01" hostname="QUERCUSSILVER" time="0.003">
  <properties/>
  <testcase name="test_constructor_withMessageAndCause_setsBoth()" classname="com.udea.worldbank.exception.WorldBankApiExceptionTest" time="0.002"/>
  <testcase name="test_constructor_withMessageOnly_setsTheMessageAndHasNoCause()" classname="com.udea.worldbank.exception.WorldBankApiExceptionTest" time="0.001"/>
  <system-out><![CDATA[]]></system-out>
  <system-err><![CDATA[]]></system-err>
</testsuite>
