<?xml version="1.0" encoding="UTF-8"?>
<testsuite name="com.udea.worldbank.controller.IndicatorControllerTest" tests="3" skipped="0" failures="0" errors="0" timestamp="2026-08-19T22:51:01" hostname="QUERCUSSILVER" time="0.153">
  <properties/>
  <testcase name="test_gdpPerCapita_delegatesToTheUseCaseAndReturnsItsResult()" classname="com.udea.worldbank.controller.IndicatorControllerTest" time="0.14"/>
  <testcase name="test_series_delegatesToTheUseCaseAndReturnsItsResult()" classname="com.udea.worldbank.controller.IndicatorControllerTest" time="0.006"/>
  <testcase name="test_ranking_delegatesToTheUseCaseAndReturnsItsResult()" classname="com.udea.worldbank.controller.IndicatorControllerTest" time="0.006"/>
  <system-out><![CDATA[]]></system-out>
  <system-err><![CDATA[]]></system-err>
</testsuite>
