<?xml version="1.0" encoding="UTF-8"?>
<testsuite name="com.udea.worldbank.service.CalculateGdpPerCapitaServiceTest" tests="7" skipped="0" failures="0" errors="0" timestamp="2026-08-19T22:51:01" hostname="QUERCUSSILVER" time="0.126">
  <properties/>
  <testcase name="test_calculateGdpPerCapita_normalizesIso3ToUppercase_whenTheParameterIsLowercase()" classname="com.udea.worldbank.service.CalculateGdpPerCapitaServiceTest" time="0.061"/>
  <testcase name="test_calculateGdpPerCapita_returnsARoundedValueAndACurrencyFormattedString_whenGdpAndPopulationExistForTheYear()" classname="com.udea.worldbank.service.CalculateGdpPerCapitaServiceTest" time="0.008"/>
  <testcase name="test_calculateGdpPerCapita_throwsDataNotFoundException_whenThereIsNoPopulationData()" classname="com.udea.worldbank.service.CalculateGdpPerCapitaServiceTest" time="0.008"/>
  <testcase name="test_calculateGdpPerCapita_throwsDataNotFoundException_whenThereIsNoGdpData()" classname="com.udea.worldbank.service.CalculateGdpPerCapitaServiceTest" time="0.007"/>
  <testcase name="test_calculateGdpPerCapita_throwsDataNotFoundException_whenPopulationIsZero()" classname="com.udea.worldbank.service.CalculateGdpPerCapitaServiceTest" time="0.005"/>
  <testcase name="test_calculateGdpPerCapita_propagatesWorldBankApiException_whenCommunicationWithTheApiFails()" classname="com.udea.worldbank.service.CalculateGdpPerCapitaServiceTest" time="0.027"/>
  <testcase name="test_calculateGdpPerCapita_discardsObservationsWithoutValue_andUsesTheFirstWithData()" classname="com.udea.worldbank.service.CalculateGdpPerCapitaServiceTest" time="0.005"/>
  <system-out><![CDATA[17:51:01.354 [Test worker] ERROR com.udea.worldbank.service.CalculateGdpPerCapitaService -- Could not fetch 'NY.GDP.MKTP.CD' for 'BRA' in 2022: service unavailable
]]></system-out>
  <system-err><![CDATA[]]></system-err>
</testsuite>
