<?xml version="1.0" encoding="UTF-8"?>
<testsuite name="com.udea.worldbank.exception.GlobalExceptionHandlerTest" tests="3" skipped="0" failures="0" errors="0" timestamp="2026-08-19T22:51:01" hostname="QUERCUSSILVER" time="0.021">
  <properties/>
  <testcase name="test_handleExternalApiError_returns502WithTheExceptionMessage()" classname="com.udea.worldbank.exception.GlobalExceptionHandlerTest" time="0.012"/>
  <testcase name="test_handleNotFound_returns404WithTheExceptionMessage()" classname="com.udea.worldbank.exception.GlobalExceptionHandlerTest" time="0.001"/>
  <testcase name="test_handleValidationError_returns400WithTheExceptionMessage()" classname="com.udea.worldbank.exception.GlobalExceptionHandlerTest" time="0.007"/>
  <system-out><![CDATA[]]></system-out>
  <system-err><![CDATA[]]></system-err>
</testsuite>
