<?xml version="1.0" encoding="UTF-8"?>
<testsuite name="com.udea.worldbank.service.RankingServiceTest" tests="5" skipped="0" failures="0" errors="0" timestamp="2026-08-19T22:51:01" hostname="QUERCUSSILVER" time="0.068">
  <properties/>
  <testcase name="test_ranking_returnsCountriesSortedDescendingExcludingAggregatesAndNulls_whenThereIsValidData()" classname="com.udea.worldbank.service.RankingServiceTest" time="0.045"/>
  <testcase name="test_ranking_throwsDataNotFoundException_whenNoRealCountriesWithValueRemain()" classname="com.udea.worldbank.service.RankingServiceTest" time="0.005"/>
  <testcase name="test_ranking_truncatesToTheLimit_whenThereAreMoreCountriesThanTheRequestedLimit()" classname="com.udea.worldbank.service.RankingServiceTest" time="0.004"/>
  <testcase name="test_ranking_propagatesWorldBankApiException_whenFetchingRealCountriesFails()" classname="com.udea.worldbank.service.RankingServiceTest" time="0.006"/>
  <testcase name="test_ranking_propagatesWorldBankApiException_whenFetchingObservationsFails()" classname="com.udea.worldbank.service.RankingServiceTest" time="0.004"/>
  <system-out><![CDATA[17:51:01.485 [Test worker] ERROR com.udea.worldbank.service.RankingService -- Could not fetch the list of real countries to build the ranking: service unavailable
17:51:01.488 [Test worker] ERROR com.udea.worldbank.service.RankingService -- Could not fetch 'NY.GDP.MKTP.CD' for all countries in 2022: timeout
]]></system-out>
  <system-err><![CDATA[]]></system-err>
</testsuite>
