<?xml version="1.0" encoding="UTF-8"?>
<testsuite name="com.udea.worldbank.service.GetSeriesServiceTest" tests="5" skipped="0" failures="0" errors="0" timestamp="2026-08-19T22:51:01" hostname="QUERCUSSILVER" time="0.034">
  <properties/>
  <testcase name="test_getSeries_returnsPointsFilteredAndSortedChronologically_whenThereAreValidObservations()" classname="com.udea.worldbank.service.GetSeriesServiceTest" time="0.007"/>
  <testcase name="test_getSeries_propagatesWorldBankApiException_whenCommunicationWithTheApiFails()" classname="com.udea.worldbank.service.GetSeriesServiceTest" time="0.005"/>
  <testcase name="test_getSeries_throwsDataNotFoundException_whenAllObservationsHaveANullValue()" classname="com.udea.worldbank.service.GetSeriesServiceTest" time="0.006"/>
  <testcase name="test_getSeries_throwsDataNotFoundException_whenTheApiReturnsNoObservations()" classname="com.udea.worldbank.service.GetSeriesServiceTest" time="0.004"/>
  <testcase name="test_getSeries_normalizesIso3ToUppercase_whenTheParameterIsLowercase()" classname="com.udea.worldbank.service.GetSeriesServiceTest" time="0.008"/>
  <system-out><![CDATA[17:51:01.393 [Test worker] ERROR com.udea.worldbank.service.GetSeriesService -- Could not fetch the series for 'SP.POP.TOTL' in 'BRA' (range null-null): timeout
]]></system-out>
  <system-err><![CDATA[]]></system-err>
</testsuite>
