<?xml version="1.0" encoding="UTF-8"?>
<testsuite name="com.udea.worldbank.client.dto.WorldBankCountryTest" tests="5" skipped="0" failures="0" errors="0" timestamp="2026-08-19T22:51:00" hostname="QUERCUSSILVER" time="0.054">
  <properties/>
  <testcase name="test_isAggregate_returnsTrue_whenRegionIdIsNull()" classname="com.udea.worldbank.client.dto.WorldBankCountryTest" time="0.006"/>
  <testcase name="test_isAggregate_returnsTrue_whenRegionIdIsNA()" classname="com.udea.worldbank.client.dto.WorldBankCountryTest" time="0.002"/>
  <testcase name="test_isAggregate_returnsTrue_whenRegionIsNull()" classname="com.udea.worldbank.client.dto.WorldBankCountryTest" time="0.002"/>
  <testcase name="test_isAggregate_returnsFalse_whenCountryHasARealRegion()" classname="com.udea.worldbank.client.dto.WorldBankCountryTest" time="0.002"/>
  <testcase name="test_accessors_returnValuesUsedInConstruction()" classname="com.udea.worldbank.client.dto.WorldBankCountryTest" time="0.03"/>
  <system-out><![CDATA[]]></system-out>
  <system-err><![CDATA[]]></system-err>
</testsuite>
